SF:lib\domain\engine\calculator_engine.dart
DA:13,1
DA:14,2
DA:17,2
DA:18,1
DA:19,1
DA:21,1
DA:22,1
DA:24,1
DA:25,1
DA:27,2
DA:29,1
LF:11
LH:11
end_of_record
SF:lib\domain\engine\evaluator.dart
DA:11,1
DA:13,1
DA:14,1
DA:15,1
DA:18,1
DA:19,0
DA:22,1
DA:23,0
DA:26,1
DA:27,2
DA:28,2
DA:29,1
DA:34,1
DA:36,2
DA:37,2
DA:40,1
DA:41,0
DA:42,0
DA:45,1
DA:46,1
DA:49,1
DA:50,1
DA:53,0
DA:56,1
DA:57,2
DA:62,2
DA:63,1
DA:64,2
DA:65,2
DA:67,4
DA:68,1
DA:69,4
DA:70,4
DA:71,4
DA:76,2
DA:78,1
DA:79,1
DA:80,1
DA:81,1
DA:82,1
DA:83,1
DA:84,1
DA:85,1
DA:86,1
DA:87,1
DA:88,0
DA:89,1
DA:90,4
DA:91,1
DA:92,2
DA:94,0
DA:98,1
DA:99,3
DA:101,1
DA:102,1
DA:103,1
DA:104,1
DA:107,0
DA:108,0
DA:109,0
DA:111,0
DA:112,0
DA:114,0
DA:115,0
DA:116,0
DA:121,1
DA:122,2
DA:123,1
DA:126,1
DA:127,1
DA:128,2
DA:130,1
DA:131,2
DA:133,1
DA:134,0
DA:135,0
DA:137,1
DA:138,0
DA:139,0
DA:141,1
DA:142,0
DA:143,0
DA:145,1
DA:146,0
DA:148,1
DA:149,0
DA:151,1
DA:152,0
DA:154,1
DA:155,0
DA:157,1
DA:158,1
DA:159,2
DA:161,1
DA:162,0
DA:163,0
DA:165,1
DA:166,0
DA:167,1
DA:168,1
DA:171,0
DA:172,0
DA:175,0
DA:178,1
DA:181,2
DA:183,2
DA:186,1
DA:187,2
DA:188,2
DA:191,0
DA:192,0
DA:193,0
DA:196,0
DA:197,0
DA:198,0
DA:199,0
DA:201,0
DA:204,1
DA:205,1
DA:206,1
LF:120
LH:81
end_of_record
SF:lib\domain\engine\ast.dart
DA:7,1
DA:18,1
DA:25,1
DA:32,1
DA:37,1
DA:42,0
LF:6
LH:5
end_of_record
SF:lib\domain\engine\tokenizer.dart
DA:6,1
DA:7,1
DA:11,2
DA:13,2
DA:14,1
DA:16,2
DA:18,1
DA:19,14
DA:20,2
DA:21,1
DA:23,2
DA:27,1
DA:29,1
DA:30,4
DA:31,2
DA:32,1
DA:35,1
DA:36,2
DA:37,0
DA:38,1
DA:39,0
DA:40,1
DA:41,0
DA:43,2
DA:49,1
DA:50,1
DA:52,1
DA:53,1
DA:54,1
DA:56,1
DA:57,1
DA:58,1
DA:60,1
DA:61,1
DA:62,1
DA:64,1
DA:65,1
DA:67,1
DA:68,1
DA:70,1
DA:71,0
DA:73,1
DA:74,1
DA:76,1
DA:77,1
DA:79,0
DA:80,0
DA:83,0
DA:85,1
DA:88,1
DA:91,3
DA:92,3
DA:94,1
DA:95,1
DA:96,3
DA:97,2
DA:98,3
DA:99,1
DA:100,2
DA:103,12
DA:104,8
DA:110,0
LF:62
LH:54
end_of_record
SF:lib\domain\engine\parser.dart
DA:9,1
DA:11,8
DA:13,3
DA:15,1
DA:16,2
DA:17,1
DA:18,1
DA:19,0
DA:25,1
DA:26,1
DA:29,1
DA:32,4
DA:33,1
DA:34,1
DA:35,2
DA:44,1
DA:45,1
DA:48,1
DA:51,6
DA:52,1
DA:53,1
DA:54,2
DA:63,1
DA:64,1
DA:66,1
DA:67,2
DA:68,1
DA:69,1
DA:70,1
DA:76,1
DA:77,1
DA:80,1
DA:83,2
DA:84,1
DA:85,1
DA:86,2
DA:87,0
DA:88,0
DA:97,1
DA:98,1
DA:99,0
DA:101,4
DA:102,1
DA:103,3
DA:106,2
DA:107,1
DA:109,3
DA:112,2
DA:113,1
DA:115,3
DA:117,0
DA:121,2
DA:122,0
DA:123,0
DA:126,2
DA:127,0
DA:128,0
DA:131,2
DA:132,1
DA:133,1
DA:134,1
DA:135,2
DA:136,0
DA:138,1
DA:142,3
LF:65
LH:55
end_of_record
SF:lib\domain\engine\result_formatter.dart
DA:6,0
DA:7,0
DA:10,0
DA:14,0
DA:15,0
DA:18,0
DA:19,0
DA:20,0
DA:24,0
DA:25,0
DA:26,0
DA:28,0
DA:35,1
DA:36,1
DA:37,1
DA:38,2
DA:39,1
DA:40,0
LF:18
LH:5
end_of_record
SF:lib\domain\engine\engine_tokens.dart
DA:24,2
DA:26,0
DA:27,0
DA:29,0
DA:32,0
DA:35,0
DA:36,0
LF:7
LH:1
end_of_record
